<?xml version="1.0" encoding="UTF-8" standalone="no"?>
<testsuite failures="0" name="cucumber.runtime.formatter.JUnitFormatter" skipped="0" tests="1" time="9.653189">
<testcase classname="Web Driver Login Feature1" name="Web Driver Login Test Scenario1" time="9.653189">
<system-out><![CDATA[Given user is already on Login Page.........................................passed
When title of login page is Free CRM........................................passed
Then user enters username and password......................................passed
]]></system-out>
</testcase>
</testsuite>
