<?xml version="1.0" encoding="UTF-8" ?>
<testsuite tests="4" failures="0" name="MyRunner.TestRunner" time="0.006" errors="0" skipped="0">
  <properties>
[...]
</properties>
  <testcase classname="| naveenk | test@123 |" name="Given user is already on Login Page" time="0.003"/>
  <testcase classname="| naveenk | test@123 |" name="When title of login page is Free CRM" time="0"/>
  <testcase classname="| naveenk | test@123 |" name="Then user enters username and password" time="0"/>
  <testcase classname="| naveenk | test@123 |" name="| naveenk | test@123 |" time="0.003"/>
</testsuite>